help.are
olc.hlp
newhelp.are
logout.are
greeting.are
limbo.are
plains.are
ofcol2.are
olympus.are
air.are
shire.are
midgaard.are
hitower.are
gnome.are
wyvern.are
haven.are
astral.are
catacomb.are
hood.are
draconia.are
mahntor.are
ultima.are
trollden.are
midennir.are
grave.are
school.are
rats.are
moria.are
eastern.are
drow.are
thalos.are
ofcol.are
haon.are
dwarven.are
sewer.are
valley.are
redferne.are
marsh.are
canyon.are
galaxy.are
mobfact.are
apoc.are
cithdeux.are
vacation.are
arena.are
mazoku.are
renegades.are
teikoku.are
cards.are
divergent.are
malokteri.are
zrollers.are
$
